build/app/intermediates/manifest_merge_blame_file/debug/manifest-merger-blame-debug-report.txt
1<?xml version="1.0" encoding="utf-8"?>
2<manifest xmlns:android="http://schemas.android.com/apk/res/android"
3    package="com.example.day41"
4    android:versionCode="1"
5    android:versionName="1.0.0" >
6
7    <uses-sdk
8        android:minSdkVersion="20"
9        android:targetSdkVersion="30" />
10    <!--
11         Flutter needs it to communicate with the running application
12         to allow setting breakpoints, to provide hot reload, etc.
13    -->
14    <uses-permission android:name="android.permission.INTERNET" />
14-->src\main\AndroidManifest.xml:3:5-67
14-->src\main\AndroidManifest.xml:3:22-64
15    <uses-permission android:name="android.permission.ACCESS_FINE_LOCATION" />
15-->src\main\AndroidManifest.xml:5:5-79
15-->src\main\AndroidManifest.xml:5:22-76
16    <uses-permission android:name="android.permission.ACCESS_COARSE_LOCATION" /> <!-- Include required permissions for Google Maps API to run. -->
16-->src\main\AndroidManifest.xml:6:5-81
16-->src\main\AndroidManifest.xml:6:22-78
17    <uses-permission android:name="android.permission.ACCESS_NETWORK_STATE" />
17-->[com.google.android.gms:play-services-maps:18.1.0] AndroidManifest.xml:23:5-79
17-->[com.google.android.gms:play-services-maps:18.1.0] AndroidManifest.xml:23:22-76
18
19    <uses-feature
19-->[com.google.android.gms:play-services-maps:18.1.0] AndroidManifest.xml:26:5-28:35
20        android:glEsVersion="0x00020000"
20-->[com.google.android.gms:play-services-maps:18.1.0] AndroidManifest.xml:27:9-41
21        android:required="true" />
21-->[com.google.android.gms:play-services-maps:18.1.0] AndroidManifest.xml:28:9-32
22
23    <queries>
23-->[com.google.android.gms:play-services-maps:18.1.0] AndroidManifest.xml:30:5-34:15
24
25        <!-- Needs to be explicitly declared on Android R+ -->
26        <package android:name="com.google.android.apps.maps" />
26-->[com.google.android.gms:play-services-maps:18.1.0] AndroidManifest.xml:33:9-64
26-->[com.google.android.gms:play-services-maps:18.1.0] AndroidManifest.xml:33:18-61
27    </queries>
28
29    <application
29-->src\main\AndroidManifest.xml:8:4-49:19
30        android:appComponentFactory="androidx.core.app.CoreComponentFactory"
30-->[androidx.core:core:1.6.0] AndroidManifest.xml:24:18-86
31        android:debuggable="true"
32        android:icon="@mipmap/ic_launcher"
32-->src\main\AndroidManifest.xml:10:9-43
33        android:label="day41" >
33-->src\main\AndroidManifest.xml:9:9-30
34        <activity
34-->src\main\AndroidManifest.xml:11:9-39:20
35            android:name="com.example.day41.MainActivity"
35-->src\main\AndroidManifest.xml:12:13-41
36            android:configChanges="orientation|keyboardHidden|keyboard|screenSize|smallestScreenSize|locale|layoutDirection|fontScale|screenLayout|density|uiMode"
36-->src\main\AndroidManifest.xml:15:13-163
37            android:hardwareAccelerated="true"
37-->src\main\AndroidManifest.xml:16:13-47
38            android:launchMode="singleTop"
38-->src\main\AndroidManifest.xml:13:13-43
39            android:theme="@style/LaunchTheme"
39-->src\main\AndroidManifest.xml:14:13-47
40            android:windowSoftInputMode="adjustResize" >
40-->src\main\AndroidManifest.xml:17:13-55
41
42            <!--
43                 Specifies an Android theme to apply to this Activity as soon as
44                 the Android process has started. This theme is visible to the user
45                 while the Flutter UI initializes. After that, this theme continues
46                 to determine the Window background behind the Flutter UI.
47            -->
48            <meta-data
48-->src\main\AndroidManifest.xml:22:13-25:17
49                android:name="io.flutter.embedding.android.NormalTheme"
49-->src\main\AndroidManifest.xml:23:15-70
50                android:resource="@style/NormalTheme" />
50-->src\main\AndroidManifest.xml:24:15-52
51            <!--
52                 Displays an Android View that continues showing the launch screen
53                 Drawable until Flutter paints its first frame, then this splash
54                 screen fades out. A splash screen is useful to avoid any visual
55                 gap between the end of Android's launch screen and the painting of
56                 Flutter's first frame.
57            -->
58            <meta-data
58-->src\main\AndroidManifest.xml:31:13-34:17
59                android:name="io.flutter.embedding.android.SplashScreenDrawable"
59-->src\main\AndroidManifest.xml:32:15-79
60                android:resource="@drawable/launch_background" />
60-->src\main\AndroidManifest.xml:33:15-61
61
62            <intent-filter>
62-->src\main\AndroidManifest.xml:35:13-38:29
63                <action android:name="android.intent.action.MAIN" />
63-->src\main\AndroidManifest.xml:36:17-68
63-->src\main\AndroidManifest.xml:36:25-66
64
65                <category android:name="android.intent.category.LAUNCHER" />
65-->src\main\AndroidManifest.xml:37:17-76
65-->src\main\AndroidManifest.xml:37:27-74
66            </intent-filter>
67        </activity>
68        <!-- Add your Google Maps API key here -->
69        <meta-data
69-->src\main\AndroidManifest.xml:41:8-43:70
70            android:name="com.google.android.geo.API_KEY"
70-->src\main\AndroidManifest.xml:42:12-57
71            android:value="AIzaSyAizMCXbDsToNk2Ee1H7rOBe5NiU03xyVs" />
71-->src\main\AndroidManifest.xml:43:12-67
72        <!--
73             Don't delete the meta-data below.
74             This is used by the Flutter tool to generate GeneratedPluginRegistrant.java
75        -->
76        <meta-data
76-->src\main\AndroidManifest.xml:46:9-48:33
77            android:name="flutterEmbedding"
77-->src\main\AndroidManifest.xml:47:13-44
78            android:value="2" />
78-->src\main\AndroidManifest.xml:48:13-30
79
80        <uses-library
80-->[androidx.window:window:1.0.0-beta04] AndroidManifest.xml:25:9-27:40
81            android:name="androidx.window.extensions"
81-->[androidx.window:window:1.0.0-beta04] AndroidManifest.xml:26:13-54
82            android:required="false" />
82-->[androidx.window:window:1.0.0-beta04] AndroidManifest.xml:27:13-37
83        <uses-library
83-->[androidx.window:window:1.0.0-beta04] AndroidManifest.xml:28:9-30:40
84            android:name="androidx.window.sidecar"
84-->[androidx.window:window:1.0.0-beta04] AndroidManifest.xml:29:13-51
85            android:required="false" /> <!-- Needs to be explicitly declared on P+ -->
85-->[androidx.window:window:1.0.0-beta04] AndroidManifest.xml:30:13-37
86        <uses-library
86-->[com.google.android.gms:play-services-maps:18.1.0] AndroidManifest.xml:39:9-41:40
87            android:name="org.apache.http.legacy"
87-->[com.google.android.gms:play-services-maps:18.1.0] AndroidManifest.xml:40:13-50
88            android:required="false" />
88-->[com.google.android.gms:play-services-maps:18.1.0] AndroidManifest.xml:41:13-37
89
90        <activity
90-->[com.google.android.gms:play-services-base:18.0.1] AndroidManifest.xml:20:9-22:45
91            android:name="com.google.android.gms.common.api.GoogleApiActivity"
91-->[com.google.android.gms:play-services-base:18.0.1] AndroidManifest.xml:20:19-85
92            android:exported="false"
92-->[com.google.android.gms:play-services-base:18.0.1] AndroidManifest.xml:22:19-43
93            android:theme="@android:style/Theme.Translucent.NoTitleBar" />
93-->[com.google.android.gms:play-services-base:18.0.1] AndroidManifest.xml:21:19-78
94
95        <meta-data
95-->[com.google.android.gms:play-services-basement:18.0.0] AndroidManifest.xml:21:9-23:69
96            android:name="com.google.android.gms.version"
96-->[com.google.android.gms:play-services-basement:18.0.0] AndroidManifest.xml:22:13-58
97            android:value="@integer/google_play_services_version" />
97-->[com.google.android.gms:play-services-basement:18.0.0] AndroidManifest.xml:23:13-66
98    </application>
99
100</manifest>